<?xml version="1.0" encoding="UTF-8"?>
<coverage generated="1522604036">
  <project timestamp="1522604036">
    <package name="MeetMatt\HavelHakimi">
      <file name="/Users/matt/dev/lab/havel-hakimi/src/Edge.php">
        <class name="MeetMatt\HavelHakimi\Edge" namespace="MeetMatt\HavelHakimi">
          <metrics complexity="3" methods="3" coveredmethods="3" conditionals="0" coveredconditionals="0" statements="5" coveredstatements="5" elements="8" coveredelements="8"/>
        </class>
        <line num="21" type="method" name="__construct" visibility="public" complexity="1" crap="1" count="16"/>
        <line num="23" type="stmt" count="16"/>
        <line num="24" type="stmt" count="16"/>
        <line num="25" type="stmt" count="16"/>
        <line num="30" type="method" name="getFrom" visibility="public" complexity="1" crap="1" count="15"/>
        <line num="32" type="stmt" count="15"/>
        <line num="38" type="method" name="getTo" visibility="public" complexity="1" crap="1" count="15"/>
        <line num="40" type="stmt" count="15"/>
        <metrics loc="42" ncloc="26" classes="1" methods="3" coveredmethods="3" conditionals="0" coveredconditionals="0" statements="5" coveredstatements="5" elements="8" coveredelements="8"/>
      </file>
      <file name="/Users/matt/dev/lab/havel-hakimi/src/HavelHakimi.php">
        <class name="MeetMatt\HavelHakimi\HavelHakimi" namespace="MeetMatt\HavelHakimi">
          <metrics complexity="10" methods="1" coveredmethods="0" conditionals="0" coveredconditionals="0" statements="19" coveredstatements="17" elements="20" coveredelements="17"/>
        </class>
        <line num="16" type="method" name="isGraphical" visibility="public" complexity="10" crap="10.12" count="20"/>
        <line num="18" type="stmt" count="20"/>
        <line num="20" type="stmt" count="0"/>
        <line num="24" type="stmt" count="20"/>
        <line num="31" type="stmt" count="20"/>
        <line num="33" type="stmt" count="20"/>
        <line num="35" type="stmt" count="1"/>
        <line num="39" type="stmt" count="19"/>
        <line num="40" type="stmt" count="16"/>
        <line num="44" type="stmt" count="17"/>
        <line num="46" type="stmt" count="17"/>
        <line num="47" type="stmt" count="15"/>
        <line num="50" type="stmt" count="16"/>
        <line num="51" type="stmt" count="0"/>
        <line num="54" type="stmt" count="16"/>
        <line num="55" type="stmt" count="13"/>
        <line num="58" type="stmt" count="16"/>
        <line num="62" type="stmt" count="17"/>
        <line num="63" type="stmt" count="14"/>
        <line num="68" type="stmt" count="3"/>
        <metrics loc="70" ncloc="35" classes="1" methods="1" coveredmethods="0" conditionals="0" coveredconditionals="0" statements="19" coveredstatements="17" elements="20" coveredelements="17"/>
      </file>
      <file name="/Users/matt/dev/lab/havel-hakimi/src/Sequence.php">
        <class name="MeetMatt\HavelHakimi\Sequence" namespace="MeetMatt\HavelHakimi">
          <metrics complexity="7" methods="6" coveredmethods="6" conditionals="0" coveredconditionals="0" statements="13" coveredstatements="13" elements="19" coveredelements="19"/>
        </class>
        <line num="21" type="method" name="__construct" visibility="public" complexity="1" crap="1" count="20"/>
        <line num="23" type="stmt" count="20"/>
        <line num="24" type="stmt" count="20"/>
        <line num="33" type="method" name="fromDegrees" visibility="public" complexity="2" crap="2" count="20"/>
        <line num="35" type="stmt" count="20"/>
        <line num="36" type="stmt" count="20"/>
        <line num="37" type="stmt" count="19"/>
        <line num="40" type="stmt" count="20"/>
        <line num="46" type="method" name="sort" visibility="public" complexity="1" crap="1" count="20"/>
        <line num="48" type="stmt" count="20"/>
        <line num="49" type="method" name="anonymousFunction:49#178" complexity="1" crap="1" count="20"/>
        <line num="50" type="stmt" count="19"/>
        <line num="51" type="stmt" count="20"/>
        <line num="53" type="stmt" count="20"/>
        <line num="59" type="method" name="head" visibility="public" complexity="1" crap="1" count="20"/>
        <line num="61" type="stmt" count="20"/>
        <line num="63" type="stmt" count="20"/>
        <line num="65" type="stmt" count="20"/>
        <line num="71" type="method" name="getIterator" visibility="public" complexity="1" crap="1" count="17"/>
        <line num="73" type="stmt" count="17"/>
        <metrics loc="75" ncloc="53" classes="1" methods="6" coveredmethods="6" conditionals="0" coveredconditionals="0" statements="14" coveredstatements="14" elements="20" coveredelements="20"/>
      </file>
      <file name="/Users/matt/dev/lab/havel-hakimi/src/Vertex.php">
        <class name="MeetMatt\HavelHakimi\Vertex" namespace="MeetMatt\HavelHakimi">
          <metrics complexity="14" methods="5" coveredmethods="3" conditionals="0" coveredconditionals="0" statements="24" coveredstatements="20" elements="29" coveredelements="23"/>
        </class>
        <line num="25" type="method" name="__construct" visibility="public" complexity="2" crap="2.03" count="19"/>
        <line num="27" type="stmt" count="19"/>
        <line num="28" type="stmt" count="0"/>
        <line num="31" type="stmt" count="19"/>
        <line num="32" type="stmt" count="19"/>
        <line num="33" type="stmt" count="19"/>
        <line num="38" type="method" name="getDegree" visibility="public" complexity="1" crap="1" count="19"/>
        <line num="40" type="stmt" count="19"/>
        <line num="46" type="method" name="isDepleted" visibility="public" complexity="1" crap="1" count="19"/>
        <line num="48" type="stmt" count="19"/>
        <line num="56" type="method" name="isConnected" visibility="public" complexity="6" crap="6" count="16"/>
        <line num="58" type="stmt" count="16"/>
        <line num="60" type="stmt" count="15"/>
        <line num="62" type="stmt" count="15"/>
        <line num="64" type="stmt" count="15"/>
        <line num="68" type="stmt" count="16"/>
        <line num="78" type="method" name="connect" visibility="public" complexity="4" crap="4.25" count="16"/>
        <line num="80" type="stmt" count="16"/>
        <line num="81" type="stmt" count="0"/>
        <line num="83" type="stmt" count="16"/>
        <line num="84" type="stmt" count="0"/>
        <line num="86" type="stmt" count="16"/>
        <line num="87" type="stmt" count="0"/>
        <line num="90" type="stmt" count="16"/>
        <line num="91" type="stmt" count="16"/>
        <line num="92" type="stmt" count="16"/>
        <line num="93" type="stmt" count="16"/>
        <line num="94" type="stmt" count="16"/>
        <line num="96" type="stmt" count="16"/>
        <metrics loc="98" ncloc="69" classes="1" methods="5" coveredmethods="3" conditionals="0" coveredconditionals="0" statements="24" coveredstatements="20" elements="29" coveredelements="23"/>
      </file>
    </package>
    <metrics files="4" loc="285" ncloc="183" classes="4" methods="15" coveredmethods="12" conditionals="0" coveredconditionals="0" statements="62" coveredstatements="56" elements="77" coveredelements="68"/>
  </project>
</coverage>
